2026-02-02T19:47:48.569Z [INFO] Initializing project configuration...
2026-02-02T19:47:48.570Z [INFO] Project c:\Users\GB-TECH\Downloads\20251016232705_TPFinal (1)\TPFinal\AlfrescoScriptsWbdriver is a maven project, try to get java version from pom.xml
2026-02-02T19:47:48.573Z [INFO] Project java version: 17
2026-02-02T19:47:48.573Z [INFO] Maven project detected.
2026-02-02T19:47:48.574Z [INFO] Build tool type: mvn
2026-02-02T19:47:49.269Z [INFO] [Environment] Running command (Java 17): java -version
java version "17.0.12" 2024-07-16 LTS
Java(TM) SE Runtime Environment (build 17.0.12+8-LTS-286)
Java HotSpot(TM) 64-Bit Server VM (build 17.0.12+8-LTS-286, mixed mode, sharing)
2026-02-02T19:47:49.500Z [INFO] [JdkEnvironment] Got real Java version: 17.0.12
2026-02-02T19:47:49.500Z [INFO] JDK: {
  "name": "java",
  "path": "C:\\Program Files\\Java\\jdk-17\\bin",
  "version": "17"
}
2026-02-02T19:47:49.515Z [INFO] [Environment] Running command (Java 17): mvn --version
Apache Maven 3.9.11 (3e54c93a704957b63ee3494413a2b544fd3d825b)
Maven home: C:\Program Files\maven\apache-maven-3.9.11
Java version: 17.0.12, vendor: Oracle Corporation, runtime: C:\Program Files\Java\jdk-17
Default locale: fr_FR, platform encoding: Cp1252
OS name: "windows 11", version: "10.0", arch: "amd64", family: "windows"
2026-02-02T19:47:50.524Z [INFO] Real build tool version: 3.9.11
2026-02-02T19:47:50.524Z [INFO] Build tool: {
  "name": "mvn",
  "path": "C:\\Program Files\\maven\\apache-maven-3.9.11\\bin",
  "version": "3.9.11"
}
2026-02-02T19:47:50.525Z [INFO] Project config: {
  "buildTool": {
    "path": "C:\\Program Files\\maven\\apache-maven-3.9.11\\bin",
    "name": "mvn",
    "version": "3.9.11"
  },
  "jdk": {
    "path": "C:\\Program Files\\Java\\jdk-17\\bin",
    "version": "17",
    "name": "java"
  },
  "name": "AlfrescoScriptsWbdriver",
  "dir": "c:\\Users\\GB-TECH\\Downloads\\20251016232705_TPFinal (1)\\TPFinal\\AlfrescoScriptsWbdriver"
}
2026-02-02T19:47:50.525Z [INFO] Project configuration initialized: {
  "buildTool": {
    "path": "C:\\Program Files\\maven\\apache-maven-3.9.11\\bin",
    "name": "mvn",
    "version": "3.9.11"
  },
  "jdk": {
    "path": "C:\\Program Files\\Java\\jdk-17\\bin",
    "version": "17",
    "name": "java"
  },
  "name": "AlfrescoScriptsWbdriver",
  "dir": "c:\\Users\\GB-TECH\\Downloads\\20251016232705_TPFinal (1)\\TPFinal\\AlfrescoScriptsWbdriver"
}
2026-02-02T19:47:50.526Z [INFO] Initializing upgrade goals...
2026-02-02T19:47:50.531Z [INFO] [Environment] Running command (Java 17): mvn dependency:tree -B
2026-02-02T19:47:53.676Z [INFO] [MavenBuildTool] Successfully got dependency tree of c:\Users\GB-TECH\Downloads\20251016232705_TPFinal (1)\TPFinal\AlfrescoScriptsWbdriver
2026-02-02T19:47:53.677Z [INFO] [MavenBuildTool] Getting Java version of c:\Users\GB-TECH\Downloads\20251016232705_TPFinal (1)\TPFinal\AlfrescoScriptsWbdriver from pom.xml
2026-02-02T19:47:53.678Z [INFO] [MavenBuildTool] Searching for pom.xml files in c:\Users\GB-TECH\Downloads\20251016232705_TPFinal (1)\TPFinal\AlfrescoScriptsWbdriver
2026-02-02T19:47:53.680Z [INFO] [MavenBuildTool] Getting all module coordinates of c:\Users\GB-TECH\Downloads\20251016232705_TPFinal (1)\TPFinal\AlfrescoScriptsWbdriver
2026-02-02T19:47:53.681Z [INFO] [MavenBuildTool] Getting effective POMs of c:\Users\GB-TECH\Downloads\20251016232705_TPFinal (1)\TPFinal\AlfrescoScriptsWbdriver
2026-02-02T19:47:53.682Z [INFO] [Environment] Running command (Java 17): mvn help:effective-pom -Doutput=effective-pom-67004809-bc7b-4b83-8465-5a43b4f385ab.log
2026-02-02T19:47:53.788Z [INFO] [MavenBuildTool] Failed to get effective POMs: Error: ENOENT: no such file or directory, open 'c:\Users\GB-TECH\Downloads\20251016232705_TPFinal (1)\TPFinal\AlfrescoScriptsWbdriver\effective-pom-67004809-bc7b-4b83-8465-5a43b4f385ab.log'
2026-02-02T19:47:53.790Z [INFO] [MavenBuildTool] Found pom.xml files: 
2026-02-02T19:47:53.791Z [INFO] [Environment] Running command (Java 17): mvn help:evaluate -Dexpression=project.properties -q -DforceStdout
2026-02-02T19:47:54.160Z [INFO] [Environment] Running command (Java 17): mvn help:effective-pom -DforceStdout
2026-02-02T19:47:54.242Z [ERROR] [MavenBuildTool] Failed to get Java version of c:\Users\GB-TECH\Downloads\20251016232705_TPFinal (1)\TPFinal\AlfrescoScriptsWbdriver
2026-02-02T19:47:54.243Z [INFO] Source Java version: unknown
2026-02-02T19:47:54.248Z [INFO] validateAndUpdateTargets, targets: [object Object]
2026-02-02T19:47:54.249Z [WARN] No source dependencies found for Spring Boot. Skipping target dependency validation
2026-02-02T19:47:54.250Z [INFO] validateAndUpdateTargets, targets: [object Object], group:Spring Boot
2026-02-02T19:47:54.251Z [WARN] No source dependencies found for Spring Framework. Skipping target dependency validation
2026-02-02T19:47:54.252Z [INFO] validateAndUpdateTargets, targets: [object Object], group:Spring Framework
2026-02-02T19:47:54.253Z [WARN] No source dependencies found for Spring Security. Skipping target dependency validation
2026-02-02T19:47:54.254Z [INFO] validateAndUpdateTargets, targets: [object Object], group:Spring Security
2026-02-02T19:47:54.255Z [WARN] No source dependencies found for Jakarta EE. Skipping target dependency validation
2026-02-02T19:47:54.256Z [INFO] validateAndUpdateTargets, targets: [object Object], group:Jakarta EE
2026-02-02T19:47:54.256Z [WARN] No source dependencies found for JUnit. Skipping target dependency validation
2026-02-02T19:47:54.258Z [INFO] validateAndUpdateTargets, targets: [object Object], group:JUnit
2026-02-02T19:47:54.261Z [ERROR] We are not able to determine the current Java version from source dependencies
2026-02-02T19:47:54.262Z [ERROR] Failed to prepare project configuration or init upgrade options: We are not able to determine the current Java version from source dependencies.
[INFO] Scanning for projects...
[INFO] 
[INFO] -----------------< org.example:CH05_Webdriver_Java_3 >------------------
[INFO] Building CH05_Webdriver_Java_3 1.0-SNAPSHOT
[INFO]   from pom.xml
[INFO] --------------------------------[ jar ]---------------------------------
[WARNING] The POM for org.seleniumhq.selenium:selenium-server:jar:4.25.0 is missing, no dependency information available
[INFO] 
[INFO] --- dependency:3.7.0:tree (default-cli) @ CH05_Webdriver_Java_3 ---
[INFO] org.example:CH05_Webdriver_Java_3:jar:1.0-SNAPSHOT
[INFO] +- org.seleniumhq.selenium:selenium-java:jar:4.25.0:compile
[INFO] |  +- org.seleniumhq.selenium:selenium-api:jar:4.25.0:compile
[INFO] |  |  \- org.jspecify:jspecify:jar:1.0.0:compile
[INFO] |  +- org.seleniumhq.selenium:selenium-chrome-driver:jar:4.25.0:compile
[INFO] |  |  +- com.google.auto.service:auto-service-annotations:jar:1.1.1:compile
[INFO] |  |  +- org.seleniumhq.selenium:selenium-chromium-driver:jar:4.25.0:compile
[INFO] |  |  +- org.seleniumhq.selenium:selenium-json:jar:4.25.0:compile
[INFO] |  |  \- org.seleniumhq.selenium:selenium-manager:jar:4.25.0:compile
[INFO] |  +- org.seleniumhq.selenium:selenium-devtools-v127:jar:4.25.0:compile
[INFO] |  +- org.seleniumhq.selenium:selenium-devtools-v128:jar:4.25.0:compile
[INFO] |  +- org.seleniumhq.selenium:selenium-devtools-v129:jar:4.25.0:compile
[INFO] |  +- org.seleniumhq.selenium:selenium-devtools-v85:jar:4.25.0:compile
[INFO] |  +- org.seleniumhq.selenium:selenium-edge-driver:jar:4.25.0:compile
[INFO] |  +- org.seleniumhq.selenium:selenium-firefox-driver:jar:4.25.0:compile
[INFO] |  |  \- org.seleniumhq.selenium:selenium-http:jar:4.25.0:compile
[INFO] |  |     \- dev.failsafe:failsafe:jar:3.3.2:compile
[INFO] |  +- org.seleniumhq.selenium:selenium-ie-driver:jar:4.25.0:compile
[INFO] |  +- org.seleniumhq.selenium:selenium-remote-driver:jar:4.25.0:compile
[INFO] |  |  +- com.google.guava:guava:jar:33.3.0-jre:compile
[INFO] |  |  |  +- com.google.guava:failureaccess:jar:1.0.2:compile
[INFO] |  |  |  +- com.google.guava:listenablefuture:jar:9999.0-empty-to-avoid-conflict-with-guava:compile
[INFO] |  |  |  +- com.google.code.findbugs:jsr305:jar:3.0.2:compile
[INFO] |  |  |  +- org.checkerframework:checker-qual:jar:3.43.0:compile
[INFO] |  |  |  +- com.google.errorprone:error_prone_annotations:jar:2.28.0:compile
[INFO] |  |  |  \- com.google.j2objc:j2objc-annotations:jar:3.0.0:compile
[INFO] |  |  +- io.opentelemetry.semconv:opentelemetry-semconv:jar:1.25.0-alpha:compile
[INFO] |  |  +- io.opentelemetry:opentelemetry-api:jar:1.42.1:compile
[INFO] |  |  +- io.opentelemetry:opentelemetry-context:jar:1.42.1:compile
[INFO] |  |  +- io.opentelemetry:opentelemetry-exporter-logging:jar:1.42.1:compile
[INFO] |  |  +- io.opentelemetry:opentelemetry-sdk-common:jar:1.42.1:compile
[INFO] |  |  +- io.opentelemetry:opentelemetry-sdk-extension-autoconfigure-spi:jar:1.42.1:compile
[INFO] |  |  +- io.opentelemetry:opentelemetry-sdk-extension-autoconfigure:jar:1.42.1:compile
[INFO] |  |  |  \- io.opentelemetry:opentelemetry-api-incubator:jar:1.42.1-alpha:runtime
[INFO] |  |  +- io.opentelemetry:opentelemetry-sdk-trace:jar:1.42.1:compile
[INFO] |  |  +- io.opentelemetry:opentelemetry-sdk:jar:1.42.1:compile
[INFO] |  |  |  +- io.opentelemetry:opentelemetry-sdk-metrics:jar:1.42.1:compile
[INFO] |  |  |  \- io.opentelemetry:opentelemetry-sdk-logs:jar:1.42.1:compile
[INFO] |  |  +- net.bytebuddy:byte-buddy:jar:1.15.1:compile
[INFO] |  |  \- org.seleniumhq.selenium:selenium-os:jar:4.25.0:compile
[INFO] |  |     \- org.apache.commons:commons-exec:jar:1.4.0:compile
[INFO] |  +- org.seleniumhq.selenium:selenium-safari-driver:jar:4.25.0:compile
[INFO] |  \- org.seleniumhq.selenium:selenium-support:jar:4.25.0:compile
[INFO] +- org.seleniumhq.selenium:selenium-server:jar:4.25.0:compile
[INFO] +- org.testng:testng:jar:7.9.0:test
[INFO] |  +- org.slf4j:slf4j-api:jar:1.7.36:compile
[INFO] |  +- com.beust:jcommander:jar:1.82:test
[INFO] |  \- org.webjars:jquery:jar:3.7.1:test
[INFO] +- org.junit.jupiter:junit-jupiter:jar:5.10.2:test
[INFO] |  +- org.junit.jupiter:junit-jupiter-api:jar:5.10.2:test
[INFO] |  |  +- org.opentest4j:opentest4j:jar:1.3.0:test
[INFO] |  |  \- org.junit.platform:junit-platform-commons:jar:1.10.2:test
[INFO] |  \- org.junit.jupiter:junit-jupiter-params:jar:5.10.2:test
[INFO] +- org.junit.jupiter:junit-jupiter-engine:jar:5.10.2:test
[INFO] |  +- org.junit.platform:junit-platform-engine:jar:1.10.2:test
[INFO] |  \- org.apiguardian:apiguardian-api:jar:1.1.2:test
[INFO] +- ch.qos.logback:logback-classic:jar:1.5.12:compile
[INFO] |  \- ch.qos.logback:logback-core:jar:1.5.12:compile
[INFO] +- org.apache.logging.log4j:log4j-core:jar:2.25.3:compile
[INFO] |  \- org.apache.logging.log4j:log4j-api:jar:2.25.3:compile
[INFO] +- org.jdom:jdom2:jar:2.0.6.1:compile
[INFO] +- com.fasterxml.jackson.core:jackson-databind:jar:2.17.2:compile
[INFO] |  +- com.fasterxml.jackson.core:jackson-annotations:jar:2.17.2:compile
[INFO] |  \- com.fasterxml.jackson.core:jackson-core:jar:2.17.2:compile
[INFO] +- org.apache.poi:poi:jar:5.4.0:compile
[INFO] |  +- commons-codec:commons-codec:jar:1.17.1:compile
[INFO] |  +- org.apache.commons:commons-collections4:jar:4.4:compile
[INFO] |  +- org.apache.commons:commons-math3:jar:3.6.1:compile
[INFO] |  +- commons-io:commons-io:jar:2.18.0:compile
[INFO] |  \- com.zaxxer:SparseBitSet:jar:1.3:compile
[INFO] +- org.apache.poi:poi-ooxml:jar:5.4.0:compile
[INFO] |  +- org.apache.poi:poi-ooxml-lite:jar:5.4.0:compile
[INFO] |  +- org.apache.xmlbeans:xmlbeans:jar:5.3.0:compile
[INFO] |  +- org.apache.commons:commons-compress:jar:1.27.1:compile
[INFO] |  |  \- org.apache.commons:commons-lang3:jar:3.16.0:compile
[INFO] |  \- com.github.virtuald:curvesapi:jar:1.08:compile
[INFO] \- org.apache.poi:poi-ooxml-schemas:jar:4.1.2:compile
[INFO] ------------------------------------------------------------------------
[INFO] BUILD SUCCESS
[INFO] ------------------------------------------------------------------------
[INFO] Total time:  8.712 s
[INFO] Finished at: 2026-02-02T14:48:02-05:00
[INFO] ------------------------------------------------------------------------
